*** Starting uWSGI 2.0.18 (64bit) on [Thu Oct 17 23:40:04 2019] ***
compiled with version: 7.3.0 on 17 October 2019 15:34:36
os: Linux-4.15.0-29deepin-generic #31 SMP Fri Jul 27 07:12:08 UTC 2018
nodename: yt-PC
machine: x86_64
clock source: unix
pcre jit disabled
detected number of CPU cores: 4
current working directory: /home/yt/django/day07/AXF
writing pidfile to uwsgi.pid
detected binary path: /home/yt/django/django1905/bin/uwsgi
chdir() to /home/yt/django/day07/AXF
your processes number limit is 31152
your memory page size is 4096 bytes
detected max file descriptor number: 1024
lock engine: pthread robust mutexes
thunder lock: disabled (you can enable it with --thunder-lock)
uWSGI http bound on 0.0.0.0:8888 fd 4
uwsgi socket 0 bound to TCP address 127.0.0.1:37857 (port auto-assigned) fd 3
Python version: 3.6.5 (default, May 11 2018, 13:30:17)  [GCC 7.3.0]
Python main interpreter initialized at 0x56373a762d10
python threads support enabled
your server socket listen backlog is limited to 100 connections
your mercy for graceful operations on workers is 60 seconds
mapped 835120 bytes (815 KB) for 40 cores
*** Operational MODE: preforking+threaded ***
WSGI app 0 (mountpoint='') ready in 1 seconds on interpreter 0x56373a762d10 pid: 19688 (default app)
*** uWSGI is running in multiple interpreter mode ***
spawned uWSGI master process (pid: 19688)
spawned uWSGI worker 1 (pid: 19709, cores: 10)
spawned uWSGI worker 2 (pid: 19714, cores: 10)
spawned uWSGI worker 3 (pid: 19719, cores: 10)
spawned uWSGI worker 4 (pid: 19722, cores: 10)
spawned uWSGI http 1 (pid: 19750)
SIGINT/SIGQUIT received...killing workers...
gateway "uWSGI http 1" has been buried (pid: 19750)
worker 1 buried after 1 seconds
worker 2 buried after 1 seconds
worker 3 buried after 1 seconds
worker 4 buried after 1 seconds
goodbye to uWSGI.
*** Starting uWSGI 2.0.18 (64bit) on [Thu Oct 17 23:46:37 2019] ***
compiled with version: 7.3.0 on 17 October 2019 15:34:36
os: Linux-4.15.0-29deepin-generic #31 SMP Fri Jul 27 07:12:08 UTC 2018
nodename: yt-PC
machine: x86_64
clock source: unix
pcre jit disabled
detected number of CPU cores: 4
current working directory: /home/yt/django/day07/AXF
writing pidfile to uwsgi.pid
detected binary path: /home/yt/django/django1905/bin/uwsgi
chdir() to /home/yt/django/day07/AXF
your processes number limit is 31152
your memory page size is 4096 bytes
detected max file descriptor number: 1024
lock engine: pthread robust mutexes
thunder lock: disabled (you can enable it with --thunder-lock)
uWSGI http bound on 0.0.0.0:8888 fd 4
uwsgi socket 0 bound to TCP address 127.0.0.1:40955 (port auto-assigned) fd 3
Python version: 3.6.5 (default, May 11 2018, 13:30:17)  [GCC 7.3.0]
Python main interpreter initialized at 0x55b8aaf55d10
python threads support enabled
your server socket listen backlog is limited to 100 connections
your mercy for graceful operations on workers is 60 seconds
mapped 835120 bytes (815 KB) for 40 cores
*** Operational MODE: preforking+threaded ***
WSGI app 0 (mountpoint='') ready in 0 seconds on interpreter 0x55b8aaf55d10 pid: 20846 (default app)
*** uWSGI is running in multiple interpreter mode ***
spawned uWSGI master process (pid: 20846)
spawned uWSGI worker 1 (pid: 20848, cores: 10)
spawned uWSGI worker 2 (pid: 20851, cores: 10)
spawned uWSGI worker 3 (pid: 20865, cores: 10)
spawned uWSGI worker 4 (pid: 20869, cores: 10)
spawned uWSGI http 1 (pid: 20879)
[pid: 20865|app: 0|req: 1/1] 127.0.0.1 () {38 vars in 843 bytes} [Thu Oct 17 23:46:54 2019] GET /axfhome/home/ => generated 16928 bytes in 281 msecs (HTTP/1.1 200) 3 headers in 111 bytes (1 switches on core 0)
Not Found: /static/media/images/ad02.jpg
Not Found: /static/axf/main/home/css/home.css
[pid: 20865|app: 0|req: 3/2] 127.0.0.1 () {38 vars in 810 bytes} [Thu Oct 17 23:46:54 2019] GET /static/media/images/ad02.jpg => generated 2667 bytes in 22 msecs (HTTP/1.1 404) 3 headers in 102 bytes (1 switches on core 8)
[pid: 20865|app: 0|req: 3/3] 127.0.0.1 () {38 vars in 799 bytes} [Thu Oct 17 23:46:54 2019] GET /static/axf/main/home/css/home.css => generated 2682 bytes in 24 msecs (HTTP/1.1 404) 3 headers in 102 bytes (1 switches on core 9)
Not Found: /static/axf/main/home/css/swiper.css
Not Found: /static/js/bootstrap.js
[pid: 20851|app: 0|req: 2/4] 127.0.0.1 () {38 vars in 762 bytes} [Thu Oct 17 23:46:54 2019] GET /static/js/bootstrap.js => generated 2649 bytes in 188 msecs (HTTP/1.1 404) 3 headers in 102 bytes (1 switches on core 6)
[pid: 20851|app: 0|req: 2/5] 127.0.0.1 () {38 vars in 803 bytes} [Thu Oct 17 23:46:54 2019] GET /static/axf/main/home/css/swiper.css => generated 2688 bytes in 216 msecs (HTTP/1.1 404) 3 headers in 102 bytes (1 switches on core 0)
Not Found: /static/css/reset.css
Not Found: /static/js/jquery.js
[pid: 20869|app: 0|req: 6/6] 127.0.0.1 () {38 vars in 773 bytes} [Thu Oct 17 23:46:54 2019] GET /static/css/reset.css => generated 2643 bytes in 232 msecs (HTTP/1.1 404) 3 headers in 102 bytes (1 switches on core 0)
Not Found: /static/axf/main/css/main.css
[pid: 20869|app: 0|req: 6/7] 127.0.0.1 () {38 vars in 756 bytes} [Thu Oct 17 23:46:54 2019] GET /static/js/jquery.js => generated 2640 bytes in 205 msecs (HTTP/1.1 404) 3 headers in 102 bytes (1 switches on core 4)
Not Found: /static/js/base.js
[pid: 20869|app: 0|req: 7/8] 127.0.0.1 () {38 vars in 789 bytes} [Thu Oct 17 23:46:54 2019] GET /static/axf/main/css/main.css => generated 2667 bytes in 238 msecs (HTTP/1.1 404) 3 headers in 102 bytes (1 switches on core 9)
Not Found: /static/axf/main/home/js/swiper.jquery.js
[pid: 20869|app: 0|req: 7/9] 127.0.0.1 () {38 vars in 752 bytes} [Thu Oct 17 23:46:54 2019] GET /static/js/base.js => generated 2634 bytes in 18 msecs (HTTP/1.1 404) 3 headers in 102 bytes (1 switches on core 2)
[pid: 20869|app: 0|req: 7/10] 127.0.0.1 () {38 vars in 798 bytes} [Thu Oct 17 23:46:54 2019] GET /static/axf/main/home/js/swiper.jquery.js => generated 2703 bytes in 18 msecs (HTTP/1.1 404) 3 headers in 102 bytes (1 switches on core 6)
Not Found: /static/css/bootstrap.css
Not Found: /static/media/images/ad01.jpg
[pid: 20869|app: 0|req: 7/12] 127.0.0.1 () {38 vars in 810 bytes} [Thu Oct 17 23:46:54 2019] GET /static/media/images/ad01.jpg => generated 2667 bytes in 6 msecs (HTTP/1.1 404) 3 headers in 102 bytes (1 switches on core 7)
[pid: 20869|app: 0|req: 7/12] 127.0.0.1 () {38 vars in 781 bytes} [Thu Oct 17 23:46:54 2019] GET /static/css/bootstrap.css => generated 2655 bytes in 238 msecs (HTTP/1.1 404) 3 headers in 102 bytes (1 switches on core 5)
Not Found: /static/axf/main/home/js/home.js
[pid: 20865|app: 0|req: 4/13] 127.0.0.1 () {38 vars in 780 bytes} [Thu Oct 17 23:46:54 2019] GET /static/axf/main/home/js/home.js => generated 2676 bytes in 4 msecs (HTTP/1.1 404) 3 headers in 102 bytes (1 switches on core 5)
Not Found: /static/media/images/slide03.jpg
Not Found: /static/js/bootstrap.js
Not Found: /static/media/images/slide01.jpg
[pid: 20865|app: 0|req: 6/14] 127.0.0.1 () {38 vars in 762 bytes} [Thu Oct 17 23:46:54 2019] GET /static/js/bootstrap.js => generated 2649 bytes in 7 msecs (HTTP/1.1 404) 3 headers in 102 bytes (1 switches on core 1)
[pid: 20865|app: 0|req: 6/15] 127.0.0.1 () {38 vars in 816 bytes} [Thu Oct 17 23:46:54 2019] GET /static/media/images/slide01.jpg => generated 2676 bytes in 7 msecs (HTTP/1.1 404) 3 headers in 102 bytes (1 switches on core 7)
[pid: 20869|app: 0|req: 10/16] 127.0.0.1 () {38 vars in 816 bytes} [Thu Oct 17 23:46:54 2019] GET /static/media/images/slide03.jpg => generated 2676 bytes in 8 msecs (HTTP/1.1 404) 3 headers in 102 bytes (1 switches on core 3)
Not Found: /static/media/images/slide02.jpg
Not Found: /static/media/images/banner12.jpg
Not Found: /static/media/images/banner13.jpg
[pid: 20869|app: 0|req: 11/17] 127.0.0.1 () {38 vars in 818 bytes} [Thu Oct 17 23:46:54 2019] GET /static/media/images/banner12.jpg => generated 2679 bytes in 15 msecs (HTTP/1.1 404) 3 headers in 102 bytes (1 switches on core 4)
Not Found: /static/media/images/banner16.jpg
[pid: 20869|app: 0|req: 11/18] 127.0.0.1 () {38 vars in 818 bytes} [Thu Oct 17 23:46:54 2019] GET /static/media/images/banner16.jpg => generated 2679 bytes in 15 msecs (HTTP/1.1 404) 3 headers in 102 bytes (1 switches on core 0)
[pid: 20869|app: 0|req: 11/19] 127.0.0.1 () {38 vars in 816 bytes} [Thu Oct 17 23:46:54 2019] GET /static/media/images/slide02.jpg => generated 2676 bytes in 16 msecs (HTTP/1.1 404) 3 headers in 102 bytes (1 switches on core 1)
Not Found: /static/media/images/goods003.jpg
Not Found: /static/media/images/banner14.jpg
[pid: 20865|app: 0|req: 9/20] 127.0.0.1 () {38 vars in 817 bytes} [Thu Oct 17 23:46:54 2019] GET /static/media/images/banner13.jpg => generated 2679 bytes in 13 msecs (HTTP/1.1 404) 3 headers in 102 bytes (1 switches on core 2)
Not Found: /static/media/images/goods002.jpg
[pid: 20865|app: 0|req: 9/22] 127.0.0.1 () {38 vars in 817 bytes} [Thu Oct 17 23:46:54 2019] GET /static/media/images/goods002.jpg => generated 2679 bytes in 13 msecs (HTTP/1.1 404) 3 headers in 102 bytes (1 switches on core 0)
[pid: 20865|app: 0|req: 9/22] 127.0.0.1 () {38 vars in 817 bytes} [Thu Oct 17 23:46:54 2019] GET /static/media/images/banner14.jpg => generated 2679 bytes in 14 msecs (HTTP/1.1 404) 3 headers in 102 bytes (1 switches on core 4)
Not Found: /static/media/images/goods010.jpg
[pid: 20869|app: 0|req: 13/23] 127.0.0.1 () {38 vars in 817 bytes} [Thu Oct 17 23:46:54 2019] GET /static/media/images/goods010.jpg => generated 2679 bytes in 9 msecs (HTTP/1.1 404) 3 headers in 102 bytes (1 switches on core 2)
[pid: 20869|app: 0|req: 13/24] 127.0.0.1 () {38 vars in 817 bytes} [Thu Oct 17 23:46:54 2019] GET /static/media/images/goods003.jpg => generated 2679 bytes in 9 msecs (HTTP/1.1 404) 3 headers in 102 bytes (1 switches on core 9)
Not Found: /static/js/base.js
[pid: 20869|app: 0|req: 14/25] 127.0.0.1 () {38 vars in 751 bytes} [Thu Oct 17 23:46:54 2019] GET /static/js/base.js => generated 2634 bytes in 4 msecs (HTTP/1.1 404) 3 headers in 102 bytes (1 switches on core 6)
Not Found: /static/axf/main/home/js/swiper.jquery.js
[pid: 20869|app: 0|req: 15/26] 127.0.0.1 () {38 vars in 797 bytes} [Thu Oct 17 23:46:54 2019] GET /static/axf/main/home/js/swiper.jquery.js => generated 2703 bytes in 4 msecs (HTTP/1.1 404) 3 headers in 102 bytes (1 switches on core 7)
Not Found: /static/axf/main/home/js/home.js
[pid: 20865|app: 0|req: 10/27] 127.0.0.1 () {38 vars in 779 bytes} [Thu Oct 17 23:46:54 2019] GET /static/axf/main/home/js/home.js => generated 2676 bytes in 4 msecs (HTTP/1.1 404) 3 headers in 102 bytes (1 switches on core 8)
Not Found: /favicon.ico
[pid: 20869|app: 0|req: 16/28] 127.0.0.1 () {38 vars in 776 bytes} [Thu Oct 17 23:46:54 2019] GET /favicon.ico => generated 2616 bytes in 3 msecs (HTTP/1.1 404) 3 headers in 102 bytes (1 switches on core 5)
SIGINT/SIGQUIT received...killing workers...
gateway "uWSGI http 1" has been buried (pid: 20879)
worker 1 buried after 1 seconds
worker 2 buried after 1 seconds
worker 3 buried after 1 seconds
worker 4 buried after 1 seconds
goodbye to uWSGI.
*** Starting uWSGI 2.0.18 (64bit) on [Thu Oct 17 23:56:33 2019] ***
compiled with version: 7.3.0 on 17 October 2019 15:34:36
os: Linux-4.15.0-29deepin-generic #31 SMP Fri Jul 27 07:12:08 UTC 2018
nodename: yt-PC
machine: x86_64
clock source: unix
pcre jit disabled
detected number of CPU cores: 4
current working directory: /home/yt/django/day07/AXF
writing pidfile to uwsgi.pid
detected binary path: /home/yt/django/django1905/bin/uwsgi
chdir() to /home/yt/django/day07/AXF
your processes number limit is 31152
your memory page size is 4096 bytes
detected max file descriptor number: 1024
lock engine: pthread robust mutexes
thunder lock: disabled (you can enable it with --thunder-lock)
uwsgi socket 0 bound to TCP address 0.0.0.0:8888 fd 3
Python version: 3.6.5 (default, May 11 2018, 13:30:17)  [GCC 7.3.0]
Python main interpreter initialized at 0x558caf0bdc00
python threads support enabled
your server socket listen backlog is limited to 100 connections
your mercy for graceful operations on workers is 60 seconds
mapped 835120 bytes (815 KB) for 40 cores
*** Operational MODE: preforking+threaded ***
WSGI app 0 (mountpoint='') ready in 1 seconds on interpreter 0x558caf0bdc00 pid: 22002 (default app)
*** uWSGI is running in multiple interpreter mode ***
spawned uWSGI master process (pid: 22002)
spawned uWSGI worker 1 (pid: 22004, cores: 10)
spawned uWSGI worker 2 (pid: 22005, cores: 10)
spawned uWSGI worker 3 (pid: 22017, cores: 10)
spawned uWSGI worker 4 (pid: 22029, cores: 10)
[pid: 22029|app: 0|req: 1/1] 127.0.0.1 () {42 vars in 894 bytes} [Thu Oct 17 23:56:53 2019] GET /axfhome/home/ => generated 16928 bytes in 218 msecs (HTTP/1.1 200) 3 headers in 111 bytes (1 switches on core 0)
[pid: 22005|app: 0|req: 1/2] 127.0.0.1 () {44 vars in 955 bytes} [Thu Oct 17 23:56:58 2019] GET /axfhome/home/ => generated 16928 bytes in 228 msecs (HTTP/1.1 200) 3 headers in 111 bytes (1 switches on core 0)
...brutally killing workers...
Gracefully killing worker 1 (pid: 22004)...
Gracefully killing worker 2 (pid: 22005)...
Gracefully killing worker 4 (pid: 22029)...
Gracefully killing worker 3 (pid: 22017)...
worker 1 buried after 1 seconds
worker 2 buried after 1 seconds
worker 3 buried after 1 seconds
worker 4 buried after 1 seconds
binary reloading uWSGI...
chdir() to /home/yt/django/day07/AXF
closing all non-uwsgi socket fds > 2 (max_fd = 1024)...
found fd 3 mapped to socket 0 (0.0.0.0:8888)
running /home/yt/django/django1905/bin/uwsgi
[uWSGI] getting INI configuration from /home/yt/django/day07/AXF/uwsgi.ini
*** Starting uWSGI 2.0.18 (64bit) on [Fri Oct 18 00:00:47 2019] ***
compiled with version: 7.3.0 on 17 October 2019 15:34:36
os: Linux-4.15.0-29deepin-generic #31 SMP Fri Jul 27 07:12:08 UTC 2018
nodename: yt-PC
machine: x86_64
clock source: unix
pcre jit disabled
detected number of CPU cores: 4
current working directory: /home/yt/django/day07/AXF
detected binary path: /home/yt/django/django1905/bin/uwsgi
chdir() to /home/yt/django/day07/AXF
your processes number limit is 31152
your memory page size is 4096 bytes
detected max file descriptor number: 1024
lock engine: pthread robust mutexes
thunder lock: disabled (you can enable it with --thunder-lock)
uwsgi socket 0 inherited INET address 0.0.0.0:8888 fd 3
Python version: 3.6.5 (default, May 11 2018, 13:30:17)  [GCC 7.3.0]
Python main interpreter initialized at 0x55a94f0735a0
python threads support enabled
your server socket listen backlog is limited to 100 connections
your mercy for graceful operations on workers is 60 seconds
mapped 835120 bytes (815 KB) for 40 cores
*** Operational MODE: preforking+threaded ***
WSGI app 0 (mountpoint='') ready in 0 seconds on interpreter 0x55a94f0735a0 pid: 22002 (default app)
*** uWSGI is running in multiple interpreter mode ***
gracefully (RE)spawned uWSGI master process (pid: 22002)
spawned uWSGI worker 1 (pid: 23515, cores: 10)
spawned uWSGI worker 2 (pid: 23516, cores: 10)
spawned uWSGI worker 3 (pid: 23530, cores: 10)
spawned uWSGI worker 4 (pid: 23536, cores: 10)
